2020-08-11 14:10:04 12212 [Note] Plugin 'FEDERATED' is disabled.
2020-08-11 14:10:04 357c InnoDB: Warning: Using innodb_additional_mem_pool_size is DEPRECATED. This option may be removed in future releases, together with the option innodb_use_sys_malloc and with the InnoDB's internal memory allocator.
2020-08-11 14:10:04 12212 [Note] InnoDB: Using atomics to ref count buffer pool pages
2020-08-11 14:10:04 12212 [Note] InnoDB: The InnoDB memory heap is disabled
2020-08-11 14:10:04 12212 [Note] InnoDB: Mutexes and rw_locks use Windows interlocked functions
2020-08-11 14:10:04 12212 [Note] InnoDB: Memory barrier is not used
2020-08-11 14:10:04 12212 [Note] InnoDB: Compressed tables use zlib 1.2.3
2020-08-11 14:10:04 12212 [Note] InnoDB: Not using CPU crc32 instructions
2020-08-11 14:10:04 12212 [Note] InnoDB: Initializing buffer pool, size = 452.0M
2020-08-11 14:10:04 12212 [Note] InnoDB: Completed initialization of buffer pool
2020-08-11 14:10:04 12212 [Note] InnoDB: Highest supported file format is Barracuda.
2020-08-11 14:10:04 12212 [Note] InnoDB: 128 rollback segment(s) are active.
2020-08-11 14:10:04 12212 [Note] InnoDB: Waiting for purge to start
2020-08-11 14:10:04 12212 [Note] InnoDB: 5.6.20 started; log sequence number 1625977
2020-08-11 14:10:04 12212 [Warning] No existing UUID has been found, so we assume that this is the first time that this server has been started. Generating a new UUID: f885b836-dbd3-11ea-81a7-408d5c202f89.
2020-08-11 14:10:04 12212 [Note] Server hostname (bind-address): '*'; port: 3306
2020-08-11 14:10:04 12212 [Note] IPv6 is available.
2020-08-11 14:10:04 12212 [Note]   - '::' resolves to '::';
2020-08-11 14:10:04 12212 [Note] Server socket created on IP: '::'.
2020-08-11 14:10:04 12212 [Note] Event Scheduler: Loaded 0 events
2020-08-11 14:10:04 12212 [Note] C:\Program Files\MySQL\MySQL Server 5.6\bin\mysqld: ready for connections.
Version: '5.6.20'  socket: ''  port: 3306  MySQL Community Server (GPL)
2020-08-13 03:26:21 12212 [Note] C:\Program Files\MySQL\MySQL Server 5.6\bin\mysqld: Normal shutdown

2020-08-13 03:26:21 12212 [Note] Giving 0 client threads a chance to die gracefully
2020-08-13 03:26:21 12212 [Note] Event Scheduler: Purging the queue. 0 events
2020-08-13 03:26:21 12212 [Note] Shutting down slave threads
2020-08-13 03:26:21 12212 [Note] Forcefully disconnecting 0 remaining clients
2020-08-13 03:26:21 12212 [Note] Binlog end
2020-08-13 03:26:21 12212 [Note] Shutting down plugin 'partition'
2020-08-13 03:26:21 12212 [Note] Shutting down plugin 'PERFORMANCE_SCHEMA'
2020-08-13 03:26:21 12212 [Note] Shutting down plugin 'INNODB_SYS_DATAFILES'
2020-08-13 03:26:21 12212 [Note] Shutting down plugin 'INNODB_SYS_TABLESPACES'
2020-08-13 03:26:21 12212 [Note] Shutting down plugin 'INNODB_SYS_FOREIGN_COLS'
2020-08-13 03:26:21 12212 [Note] Shutting down plugin 'INNODB_SYS_FOREIGN'
2020-08-13 03:26:21 12212 [Note] Shutting down plugin 'INNODB_SYS_FIELDS'
2020-08-13 03:26:21 12212 [Note] Shutting down plugin 'INNODB_SYS_COLUMNS'
2020-08-13 03:26:21 12212 [Note] Shutting down plugin 'INNODB_SYS_INDEXES'
2020-08-13 03:26:21 12212 [Note] Shutting down plugin 'INNODB_SYS_TABLESTATS'
2020-08-13 03:26:21 12212 [Note] Shutting down plugin 'INNODB_SYS_TABLES'
2020-08-13 03:26:21 12212 [Note] Shutting down plugin 'INNODB_FT_INDEX_TABLE'
2020-08-13 03:26:21 12212 [Note] Shutting down plugin 'INNODB_FT_INDEX_CACHE'
2020-08-13 03:26:21 12212 [Note] Shutting down plugin 'INNODB_FT_CONFIG'
2020-08-13 03:26:21 12212 [Note] Shutting down plugin 'INNODB_FT_BEING_DELETED'
2020-08-13 03:26:21 12212 [Note] Shutting down plugin 'INNODB_FT_DELETED'
2020-08-13 03:26:21 12212 [Note] Shutting down plugin 'INNODB_FT_DEFAULT_STOPWORD'
2020-08-13 03:26:21 12212 [Note] Shutting down plugin 'INNODB_METRICS'
2020-08-13 03:26:21 12212 [Note] Shutting down plugin 'INNODB_BUFFER_POOL_STATS'
2020-08-13 03:26:21 12212 [Note] Shutting down plugin 'INNODB_BUFFER_PAGE_LRU'
2020-08-13 03:26:21 12212 [Note] Shutting down plugin 'INNODB_BUFFER_PAGE'
2020-08-13 03:26:21 12212 [Note] Shutting down plugin 'INNODB_CMP_PER_INDEX_RESET'
2020-08-13 03:26:21 12212 [Note] Shutting down plugin 'INNODB_CMP_PER_INDEX'
2020-08-13 03:26:21 12212 [Note] Shutting down plugin 'INNODB_CMPMEM_RESET'
2020-08-13 03:26:21 12212 [Note] Shutting down plugin 'INNODB_CMPMEM'
2020-08-13 03:26:21 12212 [Note] Shutting down plugin 'INNODB_CMP_RESET'
2020-08-13 03:26:21 12212 [Note] Shutting down plugin 'INNODB_CMP'
2020-08-13 03:26:21 12212 [Note] Shutting down plugin 'INNODB_LOCK_WAITS'
2020-08-13 03:26:21 12212 [Note] Shutting down plugin 'INNODB_LOCKS'
2020-08-13 03:26:21 12212 [Note] Shutting down plugin 'INNODB_TRX'
2020-08-13 03:26:21 12212 [Note] Shutting down plugin 'InnoDB'
2020-08-13 03:26:21 12212 [Note] InnoDB: FTS optimize thread exiting.
2020-08-13 03:26:21 12212 [Note] InnoDB: Starting shutdown...
2020-08-13 03:26:22 12212 [Note] InnoDB: Shutdown completed; log sequence number 1834661
2020-08-13 03:26:22 12212 [Note] Shutting down plugin 'BLACKHOLE'
2020-08-13 03:26:22 12212 [Note] Shutting down plugin 'ARCHIVE'
2020-08-13 03:26:22 12212 [Note] Shutting down plugin 'MRG_MYISAM'
2020-08-13 03:26:22 12212 [Note] Shutting down plugin 'MyISAM'
2020-08-13 03:26:22 12212 [Note] Shutting down plugin 'MEMORY'
2020-08-13 03:26:22 12212 [Note] Shutting down plugin 'CSV'
2020-08-13 03:26:22 12212 [Note] Shutting down plugin 'sha256_password'
2020-08-13 03:26:22 12212 [Note] Shutting down plugin 'mysql_old_password'
2020-08-13 03:26:22 12212 [Note] Shutting down plugin 'mysql_native_password'
2020-08-13 03:26:22 12212 [Note] Shutting down plugin 'binlog'
2020-08-13 03:26:22 12212 [Note] C:\Program Files\MySQL\MySQL Server 5.6\bin\mysqld: Shutdown complete

2020-08-13 03:26:51 4084 [Note] Plugin 'FEDERATED' is disabled.
2020-08-13 03:26:51 1220 InnoDB: Warning: Using innodb_additional_mem_pool_size is DEPRECATED. This option may be removed in future releases, together with the option innodb_use_sys_malloc and with the InnoDB's internal memory allocator.
2020-08-13 03:26:51 4084 [Note] InnoDB: Using atomics to ref count buffer pool pages
2020-08-13 03:26:51 4084 [Note] InnoDB: The InnoDB memory heap is disabled
2020-08-13 03:26:51 4084 [Note] InnoDB: Mutexes and rw_locks use Windows interlocked functions
2020-08-13 03:26:51 4084 [Note] InnoDB: Memory barrier is not used
2020-08-13 03:26:51 4084 [Note] InnoDB: Compressed tables use zlib 1.2.3
2020-08-13 03:26:51 4084 [Note] InnoDB: Not using CPU crc32 instructions
2020-08-13 03:26:51 4084 [Note] InnoDB: Initializing buffer pool, size = 452.0M
2020-08-13 03:26:51 4084 [Note] InnoDB: Completed initialization of buffer pool
2020-08-13 03:26:51 4084 [Note] InnoDB: Highest supported file format is Barracuda.
2020-08-13 03:26:52 4084 [Note] InnoDB: 128 rollback segment(s) are active.
2020-08-13 03:26:52 4084 [Note] InnoDB: Waiting for purge to start
2020-08-13 03:26:52 4084 [Note] InnoDB: 5.6.20 started; log sequence number 1834661
2020-08-13 03:26:52 4084 [Note] Server hostname (bind-address): '*'; port: 3306
2020-08-13 03:26:52 4084 [Note] IPv6 is available.
2020-08-13 03:26:52 4084 [Note]   - '::' resolves to '::';
2020-08-13 03:26:52 4084 [Note] Server socket created on IP: '::'.
2020-08-13 03:26:52 4084 [Note] Event Scheduler: Loaded 0 events
2020-08-13 03:26:52 4084 [Note] C:\Program Files\MySQL\MySQL Server 5.6\bin\mysqld: ready for connections.
Version: '5.6.20'  socket: ''  port: 3306  MySQL Community Server (GPL)
